<?xml version="1.0" encoding="UTF-8"?>
<!-- Generated by org.testng.reporters.JUnitReportReporter -->
<testsuite skipped="0" hostname="DESKTOP-DUMKM8B" name="com.EdmodoTeacher.test.EdmodoTeacherPageTest" tests="1" failures="0" timestamp="10 Mar 2019 17:49:41 GMT" time="18.087" errors="0">
  <testcase name="login" time="18.087" classname="com.EdmodoTeacher.test.EdmodoTeacherPageTest"/>
</testsuite> <!-- com.EdmodoTeacher.test.EdmodoTeacherPageTest -->
